[2026-01-06 16:13:31] [DEBUG] ✅ Logger initialisé avec succès
[2026-01-06 16:13:31] [INFO] Démarrage application principale
[2026-01-06 16:13:31] [INFO] Initialisation des dépendances
[2026-01-06 16:13:31] [INFO] pywin32 déjà installé
[2026-01-06 16:13:32] [INFO] Vérification mise à jour
[2026-01-06 16:13:32] [DEBUG] 🌐 Tentative 1 - GET https://www.dropbox.com/scl/fi/78a38bc4papwzlw80hxti/version.json?rlkey=n7dx5mb8tcctvprn0wq4ojw7m&st=z6vzw0ox&dl=1
[2026-01-06 16:13:33] [DEBUG] 📥 HTTP 200
[2026-01-06 16:13:33] [INFO] MISE À JOUR EXTENSIONS REQUISE
[2026-01-06 16:13:33] [INFO] Téléchargement mise à jour depuis serveur
[2026-01-06 16:13:34] [INFO] ZIP téléchargé avec succès
[2026-01-06 16:13:34] [INFO] Ancien dossier cible supprimé
[2026-01-06 16:13:35] [INFO] Extraction ZIP temporaire terminée
[2026-01-06 16:13:35] [INFO] Sous-dossier extrait : tools
[2026-01-06 16:13:35] [INFO] Extraction terminée dans : D:\Automation Gmail - Copie\Tools
[2026-01-06 16:13:35] [INFO] UPDATE EFFECTUÉ
[2026-01-06 16:13:35] [INFO] Lancement de l'application principale
[2026-01-06 16:24:56] [DEBUG] [MainThread] ✅ Async Logger initialisé avec succès
[2026-01-06 16:24:56] [INFO] [MainThread] Démarrage application principale
[2026-01-06 16:24:56] [INFO] [MainThread] Initialisation des dépendances
[2026-01-06 16:24:56] [INFO] [MainThread] pywin32 déjà installé
[2026-01-06 16:24:56] [INFO] [MainThread] Vérification mise à jour
[2026-01-06 16:24:56] [DEBUG] [MainThread] 🌐 Tentative 1 - GET https://www.dropbox.com/scl/fi/78a38bc4papwzlw80hxti/version.json?rlkey=n7dx5mb8tcctvprn0wq4ojw7m&st=z6vzw0ox&dl=1
[2026-01-06 16:24:58] [DEBUG] [MainThread] 📥 HTTP 200
[2026-01-06 16:24:58] [INFO] [MainThread] MISE À JOUR EXTENSIONS REQUISE
[2026-01-06 16:24:58] [INFO] [MainThread] Téléchargement mise à jour depuis serveur
[2026-01-06 16:24:59] [INFO] [MainThread] ZIP téléchargé avec succès
[2026-01-06 16:24:59] [INFO] [MainThread] Ancien dossier cible supprimé
[2026-01-06 16:24:59] [INFO] [MainThread] Extraction ZIP temporaire terminée
[2026-01-06 16:24:59] [INFO] [MainThread] Sous-dossier extrait : tools
[2026-01-06 16:25:00] [INFO] [MainThread] Extraction terminée dans : D:\Automation Gmail - Copie\Tools
[2026-01-06 16:25:00] [INFO] [MainThread] UPDATE EFFECTUÉ
[2026-01-06 16:25:00] [INFO] [MainThread] Lancement de l'application principale
